Arguments: 
  C:\Program Files\nodejs\node.exe C:\Program Files (x86)\Yarn\bin\yarn.js add cors-js

PATH: 
  C:\Windows\system32;C:\Windows;C:\Windows\System32\Wbem;C:\Windows\System32\WindowsPowerShell\v1.0\;C:\Windows\System32\OpenSSH\;C:\Program Files\Git\cmd;C:\Program Files (x86)\Yarn\bin\;C:\Program Files\nodejs\;C:\Program Files\Docker\Docker\resources\bin;C:\ProgramData\DockerDesktop\version-bin;C:\Ruby27-x64\bin;C:\Users\syafi\AppData\Local\Programs\Python\Python39\Scripts\;C:\Users\syafi\AppData\Local\Programs\Python\Python39\;C:\Users\syafi\AppData\Local\Microsoft\WindowsApps;C:\Users\syafi\AppData\Local\Programs\Microsoft VS Code\bin;C:\Program Files\heroku\bin;C:\Users\syafi\AppData\Local\Yarn\bin;C:\Users\syafi\AppData\Local\GitHubDesktop\bin;C:\Users\syafi\AppData\Roaming\npm;C:\Users\syafi\AppData\Local\Programs\mongosh\

Yarn version: 
  1.22.5

Node version: 
  14.17.6

Platform: 
  win32 x64

Trace: 
  Error: https://registry.yarnpkg.com/cors-js: Not found
      at Request.params.callback [as _callback] (C:\Program Files (x86)\Yarn\lib\cli.js:66097:18)
      at Request.self.callback (C:\Program Files (x86)\Yarn\lib\cli.js:140749:22)
      at Request.emit (events.js:400:28)
      at Request.<anonymous> (C:\Program Files (x86)\Yarn\lib\cli.js:141721:10)
      at Request.emit (events.js:400:28)
      at IncomingMessage.<anonymous> (C:\Program Files (x86)\Yarn\lib\cli.js:141643:12)
      at Object.onceWrapper (events.js:519:28)
      at IncomingMessage.emit (events.js:412:35)
      at endReadableNT (internal/streams/readable.js:1317:12)
      at processTicksAndRejections (internal/process/task_queues.js:82:21)

npm manifest: 
  {
    "name": "admin_dashboard",
    "version": "1.0.0",
    "description": "",
    "main": "index.js",
    "scripts": {
      "test": "echo \"Error: no test specified\" && exit 1"
    },
    "repository": {
      "type": "git",
      "url": "git+https://github.com/syafinazshahrinshan/admin_dashboard.git"
    },
    "author": "",
    "license": "ISC",
    "bugs": {
      "url": "https://github.com/syafinazshahrinshan/admin_dashboard/issues"
    },
    "homepage": "https://github.com/syafinazshahrinshan/admin_dashboard#readme",
    "dependencies": {
      "express": "^4.17.3",
      "nodemon": "^2.0.15",
      "pg": "^8.7.3"
    }
  }

yarn manifest: 
  No manifest

Lockfile: 
  No lockfile
